  Determining projects to restore...
  All projects are up-to-date for restore.
  Domain -> C:\Users\melih\.gemini\antigravity\scratch\FitnessTracker\Core\Domain\bin\Debug\net10.0\Domain.dll
  Application -> C:\Users\melih\.gemini\antigravity\scratch\FitnessTracker\Core\Application\bin\Debug\net10.0\Application.dll
  Persistence -> C:\Users\melih\.gemini\antigravity\scratch\FitnessTracker\Infrastructure\Persistence\bin\Debug\net10.0\Persistence.dll
C:\Users\melih\.gemini\antigravity\scratch\FitnessTracker\Infrastructure\Infrastructure\Services\WorkoutProgramService.cs(73,19): error CS1061: 'IQueryable<WorkoutProgram>' does not contain a definition for 'AnyAsync' and no accessible extension method 'AnyAsync' accepting a first argument of type 'IQueryable<WorkoutProgram>' could be found (are you missing a using directive or an assembly reference?) [C:\Users\melih\.gemini\antigravity\scratch\FitnessTracker\Infrastructure\Infrastructure\Infrastructure.csproj]

Build FAILED.

C:\Users\melih\.gemini\antigravity\scratch\FitnessTracker\Infrastructure\Infrastructure\Services\WorkoutProgramService.cs(73,19): error CS1061: 'IQueryable<WorkoutProgram>' does not contain a definition for 'AnyAsync' and no accessible extension method 'AnyAsync' accepting a first argument of type 'IQueryable<WorkoutProgram>' could be found (are you missing a using directive or an assembly reference?) [C:\Users\melih\.gemini\antigravity\scratch\FitnessTracker\Infrastructure\Infrastructure\Infrastructure.csproj]
    0 Warning(s)
    1 Error(s)

Time Elapsed 00:00:03.59
